60
2490
96704
62
2490
62
2487
2490
1
2490
44
1793
2490
60
99488
96704
99488
99488
2490
2487
2487
11
462
1
2490
2417
2490
2490
2414
2487
96704
1
2487
441
455
96704
2490
2490
26
1065
2490
1
2487
2490
60
2487
96704
96704
96704
60
2487
96704
60
99488
96704
12
498
2417
1
99488
2490
62
99488
2490
1
2487
2417
2414
2487
96704
0
211
2490
16
26988
1
2490
2490
1
1847
2490
10
16031
2490
1257
50319
2287
91517
0
2490
2490
0
471
96704
1
99488
2490
1
2490
2490
0
917
26
2490
1043
1
2487
96704
60
2487
2417
60
2490
2417
2487
99488
2490
0
2490
2490
2207
2207
2490
60
99488
2417
62
99488
2490
24
997
283
2490
11350
0
2490
2490
1
99488
2417
96135
99200
96704
0
58740
60386
60499
36097
61206
58740
90534
99088
96704
99014
99200
33981
75526
47620
21695
93499
32159
1039
1863
96704
6794
6794
60499
60499
99200
99200
51548
87569
58740
6640
60499
8545
14921
60499
86595
94600
96704
55479
57247
96704
63621
67481
60499
60499
55054
99200
58740
99088
99088
44877
44877
1562
56123
2773
775
775
93796
99488
25028
99088
26684
56931
60499
0
99200
96704
60318
99488
60499
60256
99200
60499
78213
99088
96704
90534
99088
96704
602
99200
604
93902
24521
58740
93420
99088
55054
99200
58740
8846
99200
60499
26294
39618
40077
99088
99014
99200
0
77918
1966
99488
12479
43449
43449
99014
99200
49336
49428
52298
91322
60499
20883
99488
20907
1300
99488
1302
90534
99088
96704
98903
99088
44797
99088
45028
0
99488
58740
57038
60499
0
30213
54337
58740
6694
6707
20680
91358
22546
28867
47524
60499
32014
32074
219
23656
979
54840
99088
96704
90703
99088
96704
50843
50938
31568
53527
58740
99488
99488
40733
43244
93817
282
60499
9
9
48491
99200
60499
2470
99200
2480
91069
99488
96704
0
6338
15552
16495
63111
99200
63365
3758
93525
99200
14123
99088
15057
58394
99200
58740
23957
99200
60499
0
99088
4247
99488
4509
11819
99488
12573
0
80631
60499
13175
99488
60499
56703
99200
60499
52201
52201
13191
13191
0
81871
0
93420
99088
14602
14602
4259
99200
4544
17056
28921
58740
15074
16498
96704
99014
99200
96027
99088
96704
90898
99488
96704
1648
99088
1656
0
35277
63564
58740
56745
99088
60499
54985
99488
60499
0
58740
98903
99088
601
99200
640
29134
99200
60499
6951
59482
56521
56627
96704
96704
99088
99088
99488
99488
3268
99088
3291
96027
99088
96704
11205
99200
11955
60431
99488
60499
9612
32438
31305
52542
58740
79007
83958
58630
58740
13081
21576
60499
58655
19627
33280
58740
55039
99088
55323
10005
16471
60499
37288
99200
50990
91001
96704
29249
99200
29481
48534
60499
0
99200
96704
56809
99200
60499
769
771
0
45940
58674
99488
58740
14332
14332
16464
99088
96704
59470
99488
96704
41758
99200
96704
27812
27812
0
99088
96704
48674
95062
50998
570
2609
57828
59560
96704
29301
58740
0
58740
41081
69657
58740
1172
48124
2579
0
32777
99488
58740
96522
96704
91001
96704
96315
99200
96704
90703
99088
96704
0
16241
40399
72657
58740
1811
4120
10142
11477
12152
12889
56867
99488
60499
18557
18591
79165
79313
44836
80637
58740
56745
99088
60499
56745
99088
60499
96207
99088
96704
6967
6980
73465
77922
0
28014
58740
56639
99088
60499
56867
99488
60499
60076
99088
60499
7140
7140
38669
99488
60499
2583
2583
58564
99488
58740
13398
58630
58740
12762
99488
96704
58740
58740
56867
99488
60499
60318
99488
60499
10869
18429
58740
8287
8806
91069
99488
96704
60318
99488
60499
60499
60499
0
99088
96704
15978
99088
17035
60499
60499
843
894
0
517
99488
2144
99200
99200
915
915
4542
16347
60499
58394
99200
58740
120
92199
138
63932
93817
32277
32277
96522
96704
62539
79466
78383
56867
99488
60499
23039
60499
96207
99088
96704
34236
96725
37393
96207
99088
96704
60386
60499
56639
99088
60499
0
99200
60499
85403
85403
96595
99488
96704
25214
99488
26825
0
60499
56867
99488
60499
91069
99488
96704
55379
58740
247
262
7089
11672
60499
43257
99488
4417
4558
96704
56703
99200
60499
60188
99088
60499
51302
54415
58740
58740
68592
76965
92372
92372
79226
79226
4995
8739
60499
96027
99088
96704
7743
99488
7767
33918
57512
58740
0
1829
1890
99200
1901
0
42691
0
90534
99088
96704
0
99488
2325
56745
99088
60499
76860
83965
96704
60189
63961
23057
23100
93420
99088
52216
57043
96704
96595
99488
96704
8832
26889
56931
60499
38199
68701
58740
0
54006
91574
58740
0
99200
96704
2129
99488
2135
64340
96704
8054
99088
8095
37150
37150
93501
93501
744
789
96135
99200
96704
0
90635
99200
96704
93245
99088
1342
99088
1431
2704
99200
2715
52534
52534
0
99488
58740
57231
75232
75768
55589
60499
99413
41067
67608
60499
96414
99488
96704
1155
1155
55095
99088
58740
91069
99488
96704
96135
99200
96704
10049
10679
85822
91029
93902
60143
99200
60499
0
99088
96704
55379
58740
55276
58740
6513
99488
6533
20082
85512
90703
99088
96704
0
60499
60143
99200
60499
99488
99488
0
49918
60499
99014
99200
0
99088
60499
0
30790
58740
96522
96704
22865
99200
58740
93525
99200
56834
56834
90761
99488
96704
58438
99088
58740
75094
79800
98228
99088
30304
33167
96704
0
99488
96704
40930
96704
90534
99088
96704
90898
99488
96704
32602
72577
58740
251
99488
252
56931
60499
24877
99488
2516
99488
2672
60188
99088
60499
98903
99088
43527
43527
99088
99088
84396
89685
66386
70414
6717
99200
7166
404
665
56867
99488
60499
3145
3145
292
99488
60499
12039
99488
12784
1555
2797
58740
12047
58740
38066
99088
38262
79102
99488
83997
71608
75953
50084
60499
96414
99488
96704
60101
63748
5613
99088
5653
0
44148
96704
7838
99488
7847
0
96704
1483
2792
55095
99088
58740
56931
60499
20431
99488
60499
42469
99200
56983
99488
57047
0
87057
1251
67757
71869
47639
47639
87497
99200
60143
99200
60499
56931
60499
6855
83648
45552
99088
58740
8210
26171
31305
74
79
27562
88913
30875
90635
99200
96704
38039
0
0
45562
0
47774
99088
58740
58329
99088
58740
0
56703
99200
60499
9164
9164
654
1297
1852
99488
1967
55276
58740
55379
58740
15333
16294
56809
99200
60499
15110
16027
2797
99200
2978
51634
57412
42496
99488
42544
56745
99088
60499
93245
99088
55157
99200
58740
56809
99200
60499
54306
54407
99413
0
99088
60143
99200
60499
597
99088
637
27940
73047
41271
24
26
90635
99200
96704
1386
2339
2480
56703
99200
60499
72140
72140
1314
99488
1398
0
36290
60076
99088
60499
5526
10790
51013
93902
60499
60499
0
47981
99088
99088
66232
70382
37708
41194
96704
60076
99088
60499
2583
99488
2742
49027
49119
4
7
69429
71508
96704
33045
91079
43362
43362
16043
99488
17035
43770
76431
60499
96027
99088
96704
92929
96704
57038
60499
0
99488
99488
99488
99200
99200
56745
99088
60499
23496
99200
25069
0
99200
96704
35627
36694
96704
24081
99488
24154
56703
99200
60499
3183
5493
96704
0
57016
0
99088
5701
1405
1407
0
99200
33820
56745
99088
60499
99088
99088
56703
99200
60499
0
99088
44970
99488
45021
55095
99088
58740
90534
99088
96704
90703
99088
96704
55317
99488
58740
57038
60499
19006
32226
58740
93525
99200
39671
39745
52954
89789
58740
32285
33251
96704
28744
99088
1886
99488
2593
4397
58740
56012
99488
96704
96595
99488
96704
60256
99200
60499
0
99200
29290
96027
99088
96704
4393
99088
4684
60143
99200
60499
24660
43062
60499
537
537
31107
51212
60499
0
99200
96704
55214
99488
58740
5912
5912
60188
99088
60499
67327
71412
31821
55670
60499
6466
45278
14225
59965
99200
60499
44750
46090
96704
99413
60188
99088
60499
26155
58438
99088
58740
0
60499
1834
88663
58740
23694
40252
58740
56703
99200
60499
0
99488
65433
50652
60499
56867
99488
60499
58438
99088
58740
90588
93301
96704
91171
96704
9931
21189
46681
96135
99200
96704
19
31
1389
1476
4504
7416
60499
12491
12865
96704
60499
60499
60431
99488
60499
56867
99488
60499
25585
60499
90805
99200
96704
55157
99200
58740
56639
99088
60499
6728
7137
96207
99088
96704
55095
99088
58740
13925
99488
55095
99088
58740
60256
99200
60499
54112
89085
60499
98903
99088
33750
99200
96704
16885
99488
62956
33979
99088
58740
55276
58740
18008
19101
44354
83604
56152
70788
70788
55095
99088
58740
4313
51133
60386
60499
28085
30681
96704
205
217
0
60499
30680
99488
60499
58504
99200
58740
58674
99488
58740
58630
58740
93902
0
0
0
3503
93420
99088
56867
99488
60499
69692
74059
1689
1795
99413
27438
49348
58740
39213
99488
41717
56639
99088
60499
60499
60499
83669
86174
96704
37190
58740
96522
96704
15485
99488
21013
99488
21076
56745
99088
60499
99413
5752
43472
13180
2388
86077
57863
90805
99200
96704
99413
13155
34013
96704
437
89080
489
56639
99088
60499
27482
79862
60943
99200
96704
2243
99088
2254
88811
88978
29215
48187
60499
4525
99200
58740
56974
99488
60499
55054
99200
58740
17
18
98903
99088
28998
60499
0
96704
60256
99200
60499
98903
99088
60256
99200
60499
12932
13717
60031
60499
55054
99200
58740
63627
67904
99488
96704
99413
434
435
55500
94107
58740
0
99088
58740
99488
99488
4774
99488
5079
52509
83677
62617
60256
99200
60499
0
86665
58740
60431
99488
60499
0
60499
60499
49106
99200
52296
60076
99088
60499
58674
99488
58740
23053
23743
96704
626
1286
55193
90864
60499
53380
99200
58630
58740
14488
26056
58740
59465
97897
60499
90534
99088
96704
90635
99200
96704
55317
99488
58740
93420
99088
99413
74828
81745
96704
0
0
4530
4538
93245
99088
56867
99488
60499
57038
60499
0
99200
96704
75734
93420
99088
0
56549
96704
96207
99088
96704
95380
95559
0
96595
99488
96704
73782
46247
76280
60499
55157
99200
58740
55157
99200
58740
0
99488
60431
99488
60499
58329
99088
58740
1247
1247
95702
99088
93245
99088
10754
46821
96704
33254
99200
58740
35660
99488
35700
0
99200
62920
56974
99488
60499
69441
99088
74173
29
79
55095
99088
58740
56703
99200
60499
13137
99488
13152
92528
92528
60698
58630
58740
90805
99200
96704
58438
99088
58740
58438
99088
58740
83746
91487
96704
30587
99088
60499
32769
59046
58740
56639
99088
60499
99014
99200
12092
70346
17152
48278
99088
51568
72774
99200
77647
2242
53301
4190
147
763
60499
64684
68609
24439
24439
0
99200
99200
41215
75785
96704
60188
99088
60499
702
702
93420
99088
4940
20802
96704
0
99488
60499
4749
96704
2945
4858
60499
65714
99488
65788
17766
29249
60499
0
3704
58438
99088
58740
60256
99200
60499
91171
96704
3709
3709
61607
65346
56867
99488
60499
30164
49752
60499
58740
58740
99014
99200
60256
99200
60499
1363
2451
58740
31768
99200
33895
2604
2609
64729
96704
25124
58740
29201
99200
60256
99200
60499
79627
79776
89745
99200
96704
99413
99301
99488
0
44881
17053
27496
29219
3285
3491
90898
99488
96704
58394
99200
58740
15285
24152
4
99200
4
90635
99200
96704
54170
99088
54551
24064
99488
90898
99488
96704
11217
99200
58740
0
58740
0
99088
96704
56639
99088
60499
93796
99488
75380
99200
55095
99088
58740
60188
99088
60499
4450
99088
4481
96704
96704
93245
99088
39342
99200
96704
0
99200
96704
85896
91279
96414
99488
96704
57038
60499
2028
2028
0
50365
1904
99200
2028
99301
99488
96207
99088
96704
962
8569
17548
51393
53031
96704
96027
99088
96704
58674
99488
58740
26302
99200
28011
96135
99200
96704
1543
3645
36966
99488
60499
81897
86866
27472
27472
407
407
0
58740
18352
99488
18372
55214
99488
58740
0
68554
60499
88013
88178
12878
21837
58740
42338
99488
42465
58394
99200
58740
29480
51477
60499
56974
99488
60499
12705
20955
60499
0
99488
7587
1051
75276
1390
53617
56870
1302
1384
13427
58740
1123
2553
91069
99488
96704
24654
99088
60499
12329
99200
12379
106
24229
99200
99200
58564
99488
58740
56639
99088
60499
2872
60499
57833
57833
0
99200
96704
56703
99200
60499
99301
99488
58674
99488
58740
1754
99488
3073
7620
99088
7660
55712
59093
65645
65645
4443
99200
4740
69
77532
661
98903
99088
93621
99488
99413
0
96704
0
99200
41305
43812
56867
99488
60499
51896
58740
58740
58740
57978
57978
96027
99088
96704
58630
58740
60143
99200
60499
83498
85999
96704
0
99488
96704
90993
28249
28302
93621
99488
58630
58740
13905
94954
14586
60386
60499
0
34158
70041
55054
99200
58740
55095
99088
58740
55276
58740
2
14
55379
58740
55317
99488
58740
0
10371
18109
60499
0
0
99488
56931
60499
0
365
365
16153
99200
16249
56974
99488
60499
99088
99088
913
3551
0
99200
0
99088
53060
53060
11264
20259
58740
55276
58740
0
99488
985
96135
99200
96704
91069
99488
96704
18103
60499
365
99200
908
0
99088
93420
99088
11935
99200
60499
88737
88737
10057
99488
10699
31002
31060
58394
99200
58740
51452
99200
60499
96704
96704
0
99088
62518
66436
52218
52316
43185
71095
60499
91069
99488
96704
3642
72539
5001
77827
49826
84643
58740
28366
99488
96704
96315
99200
96704
58630
58740
0
99488
96704
58674
99488
58740
70029
70029
37135
37135
45631
45716
99088
99088
57038
60499
536
37730
1419
58438
99088
58740
0
3161
38602
67407
60499
58564
99488
58740
99200
99200
330
99488
331
39924
67695
58740
93350
99200
60076
99088
60499
0
99088
60499
5707
99088
45065
73196
96704
40530
68723
58740
0
47885
83617
60499
34634
2186
99088
2198
96207
99088
96704
60076
99088
60499
31146
33035
90635
99200
96704
55054
99200
58740
0
99488
56809
99200
60499
58564
99488
58740
90534
99088
96704
86413
99200
96704
93045
98691
90805
99200
96704
0
17005
18071
19111
32550
57038
60499
29591
31445
96522
96704
49904
51399
96704
90635
99200
96704
2329
8235
0
99488
58740
0
96704
40363
66575
60499
50588
99488
96704
60318
99488
60499
56809
99200
60499
91069
99488
96704
96315
99200
96704
57038
60499
229
2946
7767
0
99488
5078
86585
96704
52228
1577
1580
517
99488
550
56703
99200
60499
99488
99488
0
21054
91376
58564
99488
58740
8557
96704
38668
41091
90898
99488
96704
29259
41618
96704
55379
58740
2700
99088
2714
58504
99200
58740
9243
80936
11374
21189
99088
96704
60076
99088
60499
55095
99088
58740
895
99200
899
90523
90523
60431
99488
60499
56867
99488
60499
82415
87580
75658
75658
58630
58740
0
60499
86073
86234
50329
90686
58740
0
99488
0
58438
99088
58740
97621
99488
4330
99488
4335
0
99200
1126
53917
60499
0
99200
58740
33192
59306
55848
16858
16858
99014
99200
0
99200
11888
0
99488
8263
16421
50118
46715
55054
99200
58740
493
5793
8492
0
60188
99088
60499
2581
4257
60499
56639
99088
60499
96027
99088
96704
93726
32739
55513
58740
93621
99488
3869
99200
3885
39049
66211
58740
0
5957
58504
99200
58740
55317
99488
58740
47735
49165
96704
98905
99488
56745
99088
60499
0
99200
60499
14418
14445
90898
99488
96704
68147
75908
89584
68385
68513
70413
99200
43988
74586
58740
40499
40499
86769
86769
96315
99200
96704
91001
96704
91001
96704
93726
72376
72376
8239
8502
96704
0
99014
99200
60143
99200
60499
42009
51538
81183
67202
67202
88242
99488
88342
29270
29325
15724
25887
60499
60318
99488
60499
21421
99200
42529
54683
58001
3689
60499
4305
7566
60109
30933
51020
60499
95602
99200
5164
99200
5185
53303
60499
92382
99488
99088
99088
99200
99200
0
96704
8079
8321
96704
58329
99088
58740
24830
43440
60499
60499
60499
93420
99088
58438
99088
58740
93420
99088
25442
43140
58740
0
99488
60499
1754
2888
60497
11155
99200
99200
58666
99488
58732
0
35949
61527
61527
90703
99088
96704
64129
64129
93621
99488
117
58740
0
52032
56931
60499
2410
58375
4956
99200
4985
24870
24916
2539
2539
14952
99488
14969
3660
3667
0
37016
58740
90898
99488
96704
55095
99088
58740
5243
96704
54157
55779
96704
48131
79387
60499
56974
99488
60499
24516
24516
96315
99200
96704
69254
71462
96704
30698
53605
60499
60318
99488
60499
12214
99088
96704
91069
99488
96704
22675
99200
24148
57093
60557
1488
99200
1585
18
99488
18
56703
99200
60499
96135
99200
96704
61262
99488
11930
38529
30841
58504
99200
58740
55214
99488
58740
92
92
97848
99488
64979
27225
99488
31162
33053
56974
99488
60499
71785
96704
79683
84677
96595
99488
96704
43477
46115
79809
99200
90635
99200
96704
2570
2570
0
9968
0
69320
40598
60499
60499
68895
70958
96704
2211
87130
2533
19
20
4717
4858
96704
69194
71266
96704
9293
99200
18384
4889
81863
5948
3233
5646
60499
3589
3596
77394
77539
87183
87183
80920
81072
81270
81270
99088
99088
27730
99088
7557
11873
96704
959
96704
12217
99200
60499
0
60499
25735
99200
42745
74641
60499
75264
79981
9082
99488
60499
58630
58740
0
981
20770
36336
60499
10096
10708
55095
99088
58740
4546
99488
4551
56931
60499
96207
99088
96704
90703
99088
96704
2071
99200
2210
56639
99088
60499
56639
99088
60499
15564
27993
58740
64324
99413
36676
60493
60499
2481
99200
2491
2779
99088
2968
60076
99088
60499
47306
60718
93350
99200
56703
99200
60499
22996
23729
96704
56639
99088
60499
50962
50962
50691
99088
51048
0
60076
99088
60499
1591
1594
16995
24381
96704
99200
99200
96595
99488
96704
0
99200
12007
22996
16324
99200
16390
23878
40488
58740
57038
60499
55080
58423
56745
99088
60499
0
99200
96704
96414
99488
96704
83634
99200
83971
55157
99200
58740
22228
99488
36863
59454
61235
96704
56867
99488
60499
2277
99488
1308
66788
2431
226
6160
8433
99014
99200
121
99488
2231
84500
99488
60499
60499
96414
99488
96704
55379
58740
27858
47236
58740
91001
96704
56974
99488
60499
58329
99088
58740
90805
99200
96704
167
574
60143
99200
60499
7608
7622
9704
99088
96704
0
99200
60143
99200
60499
58564
99488
58740
58489
99200
58724
65562
65562
55317
99488
58740
13753
22643
60499
58564
99488
58740
3249
99488
3253
90703
99088
96704
93245
99088
534
99200
537
56745
99088
60499
23556
24985
93796
99488
24942
99088
60499
55054
99200
58740
6886
99200
6927
20944
70041
90534
99088
96704
1538
21693
58740
1357
1357
60499
60499
55157
99200
58740
64058
64058
56639
99088
60499
0
23472
49978
99488
50035
90898
99488
96704
185
81679
1907
22366
99488
22391
90703
99088
96704
0
51352
56974
99488
60499
18440
99488
18495
39223
90635
99200
96704
1287
99488
1288
1892
76268
2475
6483
6578
57038
60499
4767
99488
5072
63764
99488
93817
38622
58933
65396
30619
99200
60499
33718
35764
34468
36559
74162
74301
67223
69366
96704
42699
99088
42919
35097
99200
60499
96522
96704
44518
99488
58740
60318
99488
60499
507
99200
2238
0
22203
58740
58740
0
56745
99088
60499
2297
2297
14065
23894
58740
0
96704
8744
99488
60499
54422
62886
96704
90805
99200
96704
39921
43611
96704
4051
7286
58740
60076
99088
60499
12747
12747
0
99200
0
99488
7459
19139
60499
20748
99088
20855
43765
43847
0
96704
2041
98375
2071
12874
99088
96704
99301
99488
55379
58740
99088
99088
20081
34050
58740
30886
63373
51584
1514
3630
37617
73444
51013
0
5001
3758
3986
0
60499
5764
5774
70315
96704
6010
11788
50782
1304
99088
1390
99200
99200
18249
18249
0
93350
99200
92365
92538
60143
99200
60499
55276
58740
58394
99200
58740
1565
2146
59626
99488
59805
0
99200
0
3604
90805
99200
96704
99301
99488
0
45175
55095
99088
58740
55843
99200
60499
20116
99488
96704
1922
1922
766
766
99301
99488
19100
20259
36993
38101
96704
58564
99488
58740
33295
99200
96704
65558
71619
96704
19686
99488
20904
25719
42990
96704
58504
99200
58740
37174
61315
60499
680
24486
2768
60143
99200
60499
60318
99488
60499
16299
16299
96027
99088
96704
21332
96704
35852
39167
96704
30055
58504
99200
58740
60431
99488
60499
0
60499
60386
60499
93245
99088
99200
99200
216
216
99200
99200
43545
99488
43594
66260
68244
96704
39706
99200
42285
99488
99488
2
99488
2
218
1566
60499
56703
99200
60499
326
99488
346
56809
99200
60499
47019
48427
96704
52690
99200
56112
90805
99200
96704
0
99488
27
99088
99088
0
55054
99200
58740
0
99200
7998
48264
99088
51553
262
3876
6753
0
99200
96704
96135
99200
96704
14333
42017
34041
55307
58773
0
36995
2041
22655
9562
16697
60499
6362
6761
2108
7515
58740
93420
99088
93902
58438
99088
58740
89499
99488
96704
55054
99200
58740
99413
5765
23104
24856
2463
4055
60499
14231
58740
38375
99488
0
99488
173
184
1699
1699
8308
14942
58740
57038
60499
5226
99088
5572
30315
99488
30349
0
99488
60499
90898
99488
96704
0
99488
18754
99088
19995
0
8673
91171
96704
29932
52365
60499
79759
79909
99200
99200
60143
99200
60499
57038
60499
0
26254
56867
99488
60499
90534
99088
96704
30535
33358
96704
395
10684
5626
0
54415
90635
99200
96704
56931
60499
10280
99200
10968
49847
49847
58674
99488
58740
17915
99200
60499
1072
69424
1632
67114
67240
56745
99088
60499
4004
21665
60499
21172
99488
21235
60256
99200
60499
12624
13816
96704
27550
27602
58438
99088
58740
2627
4588
60499
1083
1085
3354
99200
3579
90534
99088
96704
46617
60499
55157
99200
58740
71486
71486
56703
99200
60499
93350
99200
16318
16318
99301
99488
56639
99088
60499
64828
99488
6469
87712
7792
15490
15490
87987
99200
88342
80578
91171
96704
55054
99200
58740
33110
99200
0
7826
96704
29208
48086
60499
4212
99200
4567
55379
58740
83494
96704
39753
42165
73925
78410
7306
99200
7349
0
56986
56703
99200
60499
19470
32053
60499
0
96704
58438
99088
58740
52305
91507
60499
18812
19953
58394
99200
58740
34191
56288
60499
93245
99088
80812
99200
96704
55095
99088
58740
58740
58740
55054
99200
58740
0
99488
7767
0
99488
14167
93350
99200
0
67800
96704
96135
99200
96704
50035
50035
0
29346
60499
55157
99200
58740
66070
99488
66144
60256
99200
60499
0
1695
6691
6703
57131
99488
93525
99200
54021
99200
60499
56931
60499
56809
99200
60499
0
33897
0
27300
28246
29960
22915
24466
70707
75138
57
57
0
99488
1542
5564
12496
96704
90703
99088
96704
19542
32173
60499
0
67800
93726
91069
99488
96704
52087
55351
0
99488
2
29549
8
549
582
99014
99200
96027
99088
96704
83288
96027
99088
96704
56703
99200
60499
58740
58740
2
47027
6
29405
31248
51114
51114
60431
99488
60499
90341
32838
60499
12504
12903
96704
0
99488
58740
96207
99088
96704
58630
58740
9547
16219
58740
86
99200
91
1328
99088
1416
99088
99088
96027
99088
96704
96595
99488
96704
71331
99488
71412
256
84149
3739
3966
6143
49983
0
58740
4874
99488
5185
1296
58504
99200
58740
96595
99488
96704
56931
60499
38648
96259
39990
5799
10126
60499
83249
99488
18924
19527
96704
0
62083
99200
66116
24633
60499
28613
28613
40091
73143
27342
46448
58740
82996
88032
0
99200
96704
58630
58740
96595
99488
96704
22945
40066
60499
4840
99488
5149
7284
14791
96522
96704
4
4
17960
19050
3710
6685
58740
34896
61049
60499
63087
63087
57038
60499
7950
13088
60499
62493
99088
96704
43638
43719
51674
51771
96135
99200
96704
93245
99088
662
3862
96207
99088
96704
0
99488
99413
99413
58329
99088
58740
9369
9938
56745
99088
60499
17999
99088
18125
19906
19906
10760
99200
11459
0
96704
0
99088
60143
99200
60499
90703
99088
96704
15329
15329
2208
2342
0
99488
19846
337
337
56867
99488
60499
99014
99200
91001
96704
35147
35147
58564
99488
58740
45629
77513
58740
0
99088
0
28103
30700
96704
56867
99488
60499
96135
99200
96704
26006
99488
58740
83436
88665
34727
34727
0
99088
36609
99200
36757
42918
42918
81043
99200
81370
22294
0
99200
49535
69421
99088
69910
5198
99088
58740
3105
3361
93245
99088
7448
10160
51073
99088
60499
90703
99088
96704
39514
99488
42037
5524
5524
0
99200
60499
53
95783
1424
0
58740
57038
60499
60499
60499
27184
47558
60499
3837
4070
3
79283
4
93796
99488
4676
44385
93420
99088
90805
99200
96704
58394
99200
58740
56703
99200
60499
55317
99488
58740
3256
3256
17212
99488
18312
40050
42480
47158
99088
1665
99200
58740
93726
93245
99088
6363
6472
32826
60076
99088
60499
3264
99088
3281
93245
99088
0
99088
96704
0
76412
60499
93726
0
99488
96704
90898
99488
96704
60143
99200
60499
99200
99200
55157
99200
58740
75553
80288
99413
45295
45295
93866
93866
52653
92115
60499
349
67265
610
28485
99088
28632
58329
99088
58740
51529
87536
58740
39261
66696
58740
0
99488
96704
60076
99088
60499
58394
99200
58740
51982
99488
55302
0
0
58630
58740
29747
99488
29781
521
1608
56809
99200
60499
56703
99200
60499
91069
99488
96704
27890
46001
60499
22985
24380
945
99488
946
99088
99088
31292
31292
49307
52298
10341
10341
0
96913
60318
99488
60499
96207
99088
96704
58394
99200
58740
0
60256
99200
60499
51799
90451
60499
47655
99488
60499
19385
99488
60499
55054
99200
58740
0
99200
7060
96414
99488
96704
0
41717
3335
99488
30860
99200
99200
93796
99488
0
43050
93245
99088
93420
99088
60143
99200
60499
38410
41961
96704
90635
99200
96704
1679
2589
93420
99088
56639
99088
60499
32310
99488
58740
54976
96179
60499
39208
64548
60499
44825
99200
58740
99200
99200
96315
99200
96704
0
99200
96704
96414
99488
96704
60188
99088
60499
93621
99488
55
99488
59
55157
99200
58740
60499
60499
58674
99488
58740
3433
3440
0
99200
96704
5101
78267
6504
10566
62924
256
256
0
75248
8926
84041
35558
99200
35768
58394
99200
58740
60143
99200
60499
99200
99200
90635
99200
96704
58329
99088
58740
3045
99200
3243
91069
99488
96704
49582
51066
96704
56743
99085
60499
90438
93321
96704
48204
99200
48398
21136
34796
60499
25932
25932
91171
96704
56745
99088
60499
93621
99488
0
99088
96704
96522
96704
46184
96704
93245
99088
51224
84489
60499
81322
81474
6865
6865
60962
66597
96704
21042
22319
45267
99488
58740
47996
99200
51114
99088
99088
89771
98069
96704
16104
17088
93866
1821
2774
58394
99200
58740
93836
93836
20354
35543
60499
1775
1775
55379
58740
60256
99200
60499
0
99088
0
0
0
99200
60499
56639
99088
60499
18688
19822
2
99488
2
58674
99488
58740
60256
99200
60499
0
12702
96704
22728
22728
2727
99488
2896
368
8475
4330
0
50946
0
93621
99488
2746
99200
12868
13918
40058
96704
93796
99488
90703
99088
96704
58329
99088
58740
0
99200
96704
2001
4880
96704
55095
99088
58740
2215
99088
6396
6288
56693
60499
99088
99088
25678
99088
58740
99488
99488
60431
99488
60499
44962
74022
60499
27654
99088
29538
90898
99488
96704
91171
96704
0
93726
58329
99088
58740
83578
99088
84010
37712
39655
3039
99200
3051
5324
42691
13176
256
271
2
22849
11
44790
93420
99088
35759
35759
93350
99200
79800
79800
56745
99088
60499
84301
89584
0
0
195
206
58438
99088
58740
91664
91664
10434
58630
58740
2830
99488
7108
55214
99488
58740
56809
99200
60499
96027
99088
96704
63687
99200
96704
55214
99488
58740
98903
99088
22807
41018
58740
0
99200
60499
0
0
99014
99200
916
916
15965
16474
96704
96414
99488
96704
0
45817
60499
0
32058
55054
99200
58740
60386
60499
34716
36823
56931
60499
55157
99200
58740
21650
27695
48452
60499
58438
99088
58740
16724
55595
55054
99200
58740
2733
2733
0
99088
43950
46705
0
99200
44627
96704
20570
99200
20692
21197
21873
96704
56974
99488
60499
10825
11170
96704
34920
99088
96704
58329
99088
58740
93796
99488
0
72032
60499
96315
99200
96704
27208
27259
0
99200
96704
0
96704
58740
58740
90898
99488
96704
96027
99088
96704
58329
99088
58740
95522
98383
96704
55157
99200
58740
93621
99488
77663
77663
44347
44347
0
23036
37924
60499
38579
63512
60499
33111
69935
60499
9732
16534
58740
76029
76029
55054
99200
58740
0
24121
68655
96704
60256
99200
60499
0
99088
99088
4725
99200
5042
52900
54485
96704
0
99200
0
99200
60188
99088
60499
60143
99200
60499
78109
23994
23994
41602
99200
96704
6180
6180
56974
99488
60499
13872
99488
96704
0
99200
9840
8521
0
90162
58740
56809
99200
60499
99301
99488
96207
99088
96704
2801
99488
2975
55157
99200
58740
45815
45901
99301
99488
7801
13622
60499
56276
99200
2285
37292
0
60499
56028
95180
58740
90635
99200
96704
23103
23103
55054
99200
58740
17310
27481
96704
80065
82462
96704
0
99200
4491
90534
99088
96704
96522
96704
69184
69184
90805
99200
96704
2480
99200
2647
42509
19787
19824
0
60499
62131
62247
79817
79817
31396
33363
55214
99488
58740
8430
99488
8440
70045
70045
53854
58740
57643
24357
24357
342
768
47164
35774
43890
81183
27969
28022
56809
99200
60499
0
99200
60386
60499
3361
99488
60499
72160
74461
96704
71243
99200
41076
67624
60499
68305
99200
96704
96704
3444
3769
96704
8
51648
16
40015
73945
60499
0
15905
9
85584
88312
96704
5391
99488
5408
43248
77781
58740
0
99200
60499
93902
93525
99200
72557
99200
58630
58740
11377
99200
58740
60256
99200
60499
14404
14404
63333
99488
50224
50224
96207
99088
96704
64017
69935
96704
10378
17597
58740
1874
99088
2002
19907
52933
96704
2692
99488
2864
25173
99200
6978
6992
9975
77300
12853
0
99200
58740
1777
99200
1892
58394
99200
58740
0
58438
99088
58740
55095
99088
58740
55317
99488
58740
0
99200
90635
99200
96704
56639
99088
60499
93245
99088
93350
99200
27638
46951
58740
0
99488
60499
96207
99088
96704
60499
60499
53363
68644
55512
99488
55679
4083
4331
30220
86574
60499
56974
99488
60499
55317
99488
58740
55095
99088
58740
91171
96704
37603
37603
269
286
63062
64951
96704
90805
99200
96704
61758
99200
65769
96595
99488
96704
23099
97778
96704
0
51029
49767
99488
49823
99200
99200
65246
99200
69614
58564
99488
58740
99088
99088
43708
7942
10600
30066
99488
96704
96704
96704
0
96704
91171
96704
90805
99200
96704
15918
17422
96704
44187
72882
60499
90805
99200
96704
24632
99200
35332
90703
99088
96704
193
99200
206
90534
99088
96704
29233
52675
58740
55214
99488
58740
71101
77820
96704
99200
99200
39909
67671
58740
924
5431
0
0
23363
4738
99488
6702
0
60499
34
99200
34
96704
96704
8032
8032
56974
99488
60499
93245
99088
96207
99088
96704
33099
99488
60499
